# JRE version: OpenJDK Runtime Environment (17.0.6) (build 17.0.6+0-b2043.56-9586694)
# Java VM: OpenJDK 64-Bit Server VM (17.0.6+0-b2043.56-9586694, mixed mode, tiered, compressed oops, compressed class ptrs, g1 gc, windows-amd64)
GC Precious Log:
 CPUs: 4 total, 4 available
 Memory: 3901M
 Large Page Support: Disabled
 NUMA Support: Disabled
 Compressed Oops: Enabled (32-bit)
 Heap Region Size: 1M
 Heap Min Capacity: 8M
 Heap Initial Capacity: 62M
 Heap Max Capacity: 1536M
 Pre-touch: Disabled
 Parallel Workers: 4
 Concurrent Workers: 1
 Concurrent Refinement Workers: 4
 Periodic GC: Disabled
Heap:
 garbage-first heap   total 311296K, used 177152K [0x00000000a0000000, 0x0000000100000000)
  region size 1024K, 10 young (10240K), 10 survivors (10240K)
 Metaspace       used 115630K, committed 116544K, reserved 1155072K
  class space    used 15687K, committed 16064K, reserved 1048576K
GC Heap History (20 events):
Event: 258.057 GC heap after
{Heap after GC invocations=86 (full 0):
 garbage-first heap   total 177152K, used 130000K [0x00000000a0000000, 0x0000000100000000)
  region size 1024K, 2 young (2048K), 2 survivors (2048K)
 Metaspace       used 109301K, committed 110208K, reserved 1146880K
  class space    used 14835K, committed 15232K, reserved 1048576K
}
Event: 258.652 GC heap before
{Heap before GC invocations=86 (full 0):
 garbage-first heap   total 177152K, used 155600K [0x00000000a0000000, 0x0000000100000000)
  region size 1024K, 23 young (23552K), 2 survivors (2048K)
 Metaspace       used 109583K, committed 110528K, reserved 1146880K
  class space    used 14876K, committed 15296K, reserved 1048576K
}
Event: 258.661 GC heap after
{Heap after GC invocations=87 (full 0):
 garbage-first heap   total 177152K, used 134746K [0x00000000a0000000, 0x0000000100000000)
  region size 1024K, 3 young (3072K), 3 survivors (3072K)
 Metaspace       used 109583K, committed 110528K, reserved 1146880K
  class space    used 14876K, committed 15296K, reserved 1048576K
}
Event: 258.823 GC heap before
{Heap before GC invocations=87 (full 0):
 garbage-first heap   total 177152K, used 151130K [0x00000000a0000000, 0x0000000100000000)
  region size 1024K, 20 young (20480K), 3 survivors (3072K)
 Metaspace       used 109776K, committed 110720K, reserved 1146880K
  class space    used 14902K, committed 15296K, reserved 1048576K
}
Event: 258.838 GC heap after
{Heap after GC invocations=88 (full 0):
 garbage-first heap   total 177152K, used 138496K [0x00000000a0000000, 0x0000000100000000)
  region size 1024K, 3 young (3072K), 3 survivors (3072K)
 Metaspace       used 109776K, committed 110720K, reserved 1146880K
  class space    used 14902K, committed 15296K, reserved 1048576K
}
Event: 259.353 GC heap before
{Heap before GC invocations=88 (full 0):
 garbage-first heap   total 177152K, used 150784K [0x00000000a0000000, 0x0000000100000000)
  region size 1024K, 16 young (16384K), 3 survivors (3072K)
 Metaspace       used 110088K, committed 110976K, reserved 1146880K
  class space    used 14955K, committed 15360K, reserved 1048576K
}
Event: 259.371 GC heap after
{Heap after GC invocations=89 (full 0):
 garbage-first heap   total 177152K, used 142005K [0x00000000a0000000, 0x0000000100000000)
  region size 1024K, 2 young (2048K), 2 survivors (2048K)
 Metaspace       used 110088K, committed 110976K, reserved 1146880K
  class space    used 14955K, committed 15360K, reserved 1048576K
}
Event: 259.724 GC heap before
{Heap before GC invocations=89 (full 0):
 garbage-first heap   total 177152K, used 153269K [0x00000000a0000000, 0x0000000100000000)
  region size 1024K, 12 young (12288K), 2 survivors (2048K)
 Metaspace       used 110219K, committed 111104K, reserved 1146880K
  class space    used 14966K, committed 15360K, reserved 1048576K
}
Event: 259.730 GC heap after
{Heap after GC invocations=90 (full 0):
 garbage-first heap   total 177152K, used 146412K [0x00000000a0000000, 0x0000000100000000)
  region size 1024K, 2 young (2048K), 2 survivors (2048K)
 Metaspace       used 110219K, committed 111104K, reserved 1146880K
  class space    used 14966K, committed 15360K, reserved 1048576K
}
Event: 259.819 GC heap before
{Heap before GC invocations=90 (full 0):
 garbage-first heap   total 177152K, used 152556K [0x00000000a0000000, 0x0000000100000000)
  region size 1024K, 9 young (9216K), 2 survivors (2048K)
 Metaspace       used 110263K, committed 111232K, reserved 1146880K
  class space    used 14973K, committed 15424K, reserved 1048576K
}
Event: 259.856 GC heap after
{Heap after GC invocations=91 (full 0):
 garbage-first heap   total 230400K, used 146432K [0x00000000a0000000, 0x0000000100000000)
  region size 1024K, 2 young (2048K), 2 survivors (2048K)
 Metaspace       used 110263K, committed 111232K, reserved 1146880K
  class space    used 14973K, committed 15424K, reserved 1048576K
}
Event: 261.089 GC heap before
{Heap before GC invocations=91 (full 0):
 garbage-first heap   total 230400K, used 184320K [0x00000000a0000000, 0x0000000100000000)
  region size 1024K, 40 young (40960K), 2 survivors (2048K)
 Metaspace       used 110836K, committed 111808K, reserved 1146880K
  class space    used 15042K, committed 15488K, reserved 1048576K
}
Event: 261.162 GC heap after
{Heap after GC invocations=92 (full 0):
 garbage-first heap   total 230400K, used 154923K [0x00000000a0000000, 0x0000000100000000)
  region size 1024K, 5 young (5120K), 5 survivors (5120K)
 Metaspace       used 110836K, committed 111808K, reserved 1146880K
  class space    used 15042K, committed 15488K, reserved 1048576K
}
Event: 274.874 GC heap before
{Heap before GC invocations=92 (full 0):
 garbage-first heap   total 311296K, used 186667K [0x00000000a0000000, 0x0000000100000000)
  region size 1024K, 36 young (36864K), 5 survivors (5120K)
 Metaspace       used 111555K, committed 112448K, reserved 1146880K
  class space    used 15144K, committed 15552K, reserved 1048576K
}
Event: 275.003 GC heap after
{Heap after GC invocations=93 (full 0):
 garbage-first heap   total 311296K, used 157658K [0x00000000a0000000, 0x0000000100000000)
  region size 1024K, 5 young (5120K), 5 survivors (5120K)
 Metaspace       used 111555K, committed 112448K, reserved 1146880K
  class space    used 15144K, committed 15552K, reserved 1048576K
}
Event: 279.888 GC heap before
{Heap before GC invocations=94 (full 0):
 garbage-first heap   total 311296K, used 237530K [0x00000000a0000000, 0x0000000100000000)
  region size 1024K, 83 young (84992K), 5 survivors (5120K)
 Metaspace       used 114404K, committed 115328K, reserved 1155072K
  class space    used 15554K, committed 15936K, reserved 1048576K
}
Event: 279.995 GC heap after
{Heap after GC invocations=95 (full 0):
 garbage-first heap   total 311296K, used 167137K [0x00000000a0000000, 0x0000000100000000)
  region size 1024K, 11 young (11264K), 11 survivors (11264K)
 Metaspace       used 114404K, committed 115328K, reserved 1155072K
  class space    used 15554K, committed 15936K, reserved 1048576K
}
Event: 280.919 GC heap before
{Heap before GC invocations=95 (full 0):
 garbage-first heap   total 311296K, used 171233K [0x00000000a0000000, 0x0000000100000000)
  region size 1024K, 15 young (15360K), 11 survivors (11264K)
 Metaspace       used 114491K, committed 115392K, reserved 1155072K
  class space    used 15562K, committed 15936K, reserved 1048576K
}
Event: 281.087 GC heap after
{Heap after GC invocations=96 (full 0):
 garbage-first heap   total 311296K, used 165777K [0x00000000a0000000, 0x0000000100000000)
  region size 1024K, 2 young (2048K), 2 survivors (2048K)
 Metaspace       used 114491K, committed 115392K, reserved 1155072K
  class space    used 15562K, committed 15936K, reserved 1048576K
}
Event: 284.528 GC heap before
{Heap before GC invocations=96 (full 0):
 garbage-first heap   total 311296K, used 240529K [0x00000000a0000000, 0x0000000100000000)
  region size 1024K, 75 young (76800K), 2 survivors (2048K)
 Metaspace       used 115630K, committed 116544K, reserved 1155072K
  class space    used 15687K, committed 16064K, reserved 1048576K
}

